c:\c++ projects(personal)\hexapawn\hexapawn\debug\vc142.pdb
c:\c++ projects(personal)\hexapawn\hexapawn\debug\vc142.idb
c:\c++ projects(personal)\hexapawn\hexapawn\debug\tlib.obj
c:\c++ projects(personal)\hexapawn\hexapawn\debug\main.obj
c:\c++ projects(personal)\hexapawn\hexapawn\debug\gameboard.obj
c:\c++ projects(git)\hexapawn\hexapawn\debug\vc142.pdb
c:\c++ projects(git)\hexapawn\hexapawn\debug\vc142.idb
c:\c++ projects(git)\hexapawn\hexapawn\debug\gameboard.obj
c:\c++ projects(personal)\hexapawn\debug\hexapawn.exe
c:\c++ projects(personal)\hexapawn\debug\hexapawn.ilk
c:\c++ projects(personal)\hexapawn\debug\hexapawn.pdb
c:\c++ projects(git)\hexapawn\hexapawn\debug\main.obj
c:\c++ projects(git)\hexapawn\hexapawn\debug\tlib.obj
c:\c++ projects(git)\hexapawn\debug\hexapawn.pdb
c:\c++ projects(git)\hexapawn\debug\hexapawn.exe
c:\c++ projects(git)\hexapawn\debug\hexapawn.ilk
c:\c++ projects(git)\hexapawn\hexapawn\debug\hexapawn.tlog\cl.command.1.tlog
c:\c++ projects(git)\hexapawn\hexapawn\debug\hexapawn.tlog\cl.read.1.tlog
c:\c++ projects(git)\hexapawn\hexapawn\debug\hexapawn.tlog\cl.write.1.tlog
c:\c++ projects(git)\hexapawn\hexapawn\debug\hexapawn.tlog\link.command.1.tlog
c:\c++ projects(git)\hexapawn\hexapawn\debug\hexapawn.tlog\link.read.1.tlog
c:\c++ projects(git)\hexapawn\hexapawn\debug\hexapawn.tlog\link.write.1.tlog
